<?xml version="1.0" encoding="UTF-8"?>
<!-- Generated by org.testng.reporters.JUnitXMLReporter -->
<testsuite hostname="DESKTOP-L9LHJVH" ignored="0" tests="8" failures="0" timestamp="2023-02-14T15:44:36 IST" time="0.411" errors="0">
  <testcase name="test1" time="0.064" classname="RegressionTest"/>
  <testcase name="test2" time="0.002" classname="RegressionTest"/>
  <testcase name="test3" time="0.003" classname="RegressionTest"/>
  <testcase name="test4" time="0.001" classname="RegressionTest"/>
  <testcase name="test1" time="0.001" classname="SanityTest"/>
  <testcase name="test2" time="0.002" classname="SanityTest"/>
  <testcase name="test3" time="0.001" classname="SanityTest"/>
  <testcase name="test4" time="0.003" classname="SanityTest"/>
</testsuite>
