-------------------------------------------------------------------------------
Test set: Tests.SanityTest
-------------------------------------------------------------------------------
Tests run: 3, Failures: 1, Errors: 0, Skipped: 0, Time elapsed: 3.783 s <<< FAILURE! - in Tests.SanityTest
test2(Tests.SanityTest)  Time elapsed: 0.097 s  <<< FAILURE!
java.lang.AssertionError: did not expect to find [true] but found [false]
	at Tests.SanityTest.test2(SanityTest.java:18)

