-------------------------------------------------------------------------------
Test set: TestSuite
-------------------------------------------------------------------------------
Tests run: 7, Failures: 1, Errors: 0, Skipped: 0, Time elapsed: 4.163 s <<< FAILURE! - in TestSuite
test2(Tests.SanityTest)  Time elapsed: 0.066 s  <<< FAILURE!
java.lang.AssertionError: did not expect to find [true] but found [false]
	at Tests.SanityTest.test2(SanityTest.java:18)

