<?xml version="1.0" encoding="UTF-8"?>
<testng-results skipped="0" failed="0" ignored="0" total="4" passed="4">
  <reporter-output>
  </reporter-output>
  <suite name="Surefire suite" duration-ms="322" started-at="2023-02-15T12:51:25 IST" finished-at="2023-02-15T12:51:26 IST">
    <groups>
    </groups>
    <test name="Surefire test" duration-ms="322" started-at="2023-02-15T12:51:25 IST" finished-at="2023-02-15T12:51:26 IST">
      <class name="Tests.RegressionTest">
        <test-method status="PASS" signature="test1()[pri:0, instance:Tests.RegressionTest@6fd02e5]" name="test1" duration-ms="50" started-at="2023-02-15T12:51:25 IST" finished-at="2023-02-15T12:51:26 IST">
          <reporter-output>
          </reporter-output>
        </test-method> <!-- test1 -->
        <test-method status="PASS" signature="test2()[pri:0, instance:Tests.RegressionTest@6fd02e5]" name="test2" duration-ms="1" started-at="2023-02-15T12:51:26 IST" finished-at="2023-02-15T12:51:26 IST">
          <reporter-output>
          </reporter-output>
        </test-method> <!-- test2 -->
        <test-method status="PASS" signature="test3()[pri:0, instance:Tests.RegressionTest@6fd02e5]" name="test3" duration-ms="1" started-at="2023-02-15T12:51:26 IST" finished-at="2023-02-15T12:51:26 IST">
          <reporter-output>
          </reporter-output>
        </test-method> <!-- test3 -->
        <test-method status="PASS" signature="test4()[pri:0, instance:Tests.RegressionTest@6fd02e5]" name="test4" duration-ms="1" started-at="2023-02-15T12:51:26 IST" finished-at="2023-02-15T12:51:26 IST">
          <reporter-output>
          </reporter-output>
        </test-method> <!-- test4 -->
      </class> <!-- Tests.RegressionTest -->
    </test> <!-- Surefire test -->
  </suite> <!-- Surefire suite -->
</testng-results>
